c:\stockfish-nnue\x64\release\sfen_packer.obj
c:\stockfish-nnue\x64\release\position.obj
c:\stockfish-nnue\x64\release\p.obj
c:\stockfish-nnue\x64\release\movegen.obj
c:\stockfish-nnue\x64\release\evaluate_nnue.obj
c:\stockfish-nnue\x64\release\search.obj
c:\stockfish-nnue\x64\release\bitbase.obj
c:\stockfish-nnue\x64\release\gensfen2019.obj
c:\stockfish-nnue\x64\release\learner.obj
c:\stockfish-nnue\x64\release\nnue_test_command.obj
c:\stockfish-nnue\x64\release\timeman.obj
c:\stockfish-nnue\x64\release\half_relative_kp.obj
c:\stockfish-nnue\x64\release\main.obj
c:\stockfish-nnue\x64\release\bitboard.obj
c:\stockfish-nnue\x64\release\multi_think.obj
c:\stockfish-nnue\x64\release\endgame.obj
c:\stockfish-nnue\x64\release\tbprobe.obj
c:\stockfish-nnue\x64\release\enpassant.obj
c:\stockfish-nnue\x64\release\misc.obj
c:\stockfish-nnue\x64\release\castling_right.obj
c:\stockfish-nnue\x64\release\pawns.obj
c:\stockfish-nnue\x64\release\half_kp.obj
c:\stockfish-nnue\x64\release\material.obj
c:\stockfish-nnue\x64\release\k.obj
c:\stockfish-nnue\x64\release\movepick.obj
c:\stockfish-nnue\x64\release\ucioption.obj
c:\stockfish-nnue\x64\release\evaluate_nnue_learner.obj
c:\stockfish-nnue\x64\release\tt.obj
c:\stockfish-nnue\x64\release\evaluate.obj
c:\stockfish-nnue\x64\release\thread.obj
c:\stockfish-nnue\x64\release\benchmark.obj
c:\stockfish-nnue\x64\release\psqt.obj
c:\stockfish-nnue\x64\release\tune.obj
c:\stockfish-nnue\x64\release\evaluate_mir_inv_tools.obj
c:\stockfish-nnue\x64\release\learning_tools.obj
c:\stockfish-nnue\x64\release\uci.obj
c:\stockfish-nnue\x64\release\vc142.pdb
c:\stockfish-nnue\x64\release\stockfish-nnue.exe
c:\stockfish-nnue\x64\release\stockfish-nnue.pdb
c:\stockfish-nnue\x64\release\stockfish-nnue.ipdb
c:\stockfish-nnue\x64\release\stockfish-nnue.iobj
c:\stockfish-nnue\x64\release\stockfish-nnue.tlog\cl.10980.write.1.tlog
c:\stockfish-nnue\x64\release\stockfish-nnue.tlog\cl.command.1.tlog
c:\stockfish-nnue\x64\release\stockfish-nnue.tlog\cl.read.1.tlog
c:\stockfish-nnue\x64\release\stockfish-nnue.tlog\link.command.1.tlog
c:\stockfish-nnue\x64\release\stockfish-nnue.tlog\link.read.1.tlog
c:\stockfish-nnue\x64\release\stockfish-nnue.tlog\link.write.1.tlog
c:\stockfish-nnue\x64\release\stockfish-nnue.tlog\stockfish-nnue.write.1u.tlog
